Circuit: Read/Write Memristor - PNSM approach

Per .tran options, skipping operating point for transient analysis.
.step run=0 blpw=1.8e-007
.step run=1 blpw=1.8e-007
.step run=2 blpw=1.8e-007
.step run=3 blpw=1.8e-007
.step run=4 blpw=1.8e-007
.step run=5 blpw=1.8e-007
.step run=6 blpw=1.8e-007
.step run=7 blpw=1.8e-007
.step run=8 blpw=1.8e-007
.step run=9 blpw=1.8e-007
.step run=10 blpw=1.8e-007
.step run=11 blpw=1.8e-007
.step run=12 blpw=1.8e-007
.step run=13 blpw=1.8e-007
.step run=14 blpw=1.8e-007
.step run=15 blpw=1.8e-007
.step run=16 blpw=1.8e-007
.step run=0 blpw=2.7e-007
.step run=1 blpw=2.7e-007
.step run=2 blpw=2.7e-007
.step run=3 blpw=2.7e-007
.step run=4 blpw=2.7e-007
.step run=5 blpw=2.7e-007
.step run=6 blpw=2.7e-007
.step run=7 blpw=2.7e-007
.step run=8 blpw=2.7e-007
.step run=9 blpw=2.7e-007
.step run=10 blpw=2.7e-007
.step run=11 blpw=2.7e-007
.step run=12 blpw=2.7e-007
.step run=13 blpw=2.7e-007
.step run=14 blpw=2.7e-007
.step run=15 blpw=2.7e-007
.step run=16 blpw=2.7e-007
.step run=0 blpw=3.6e-007
.step run=1 blpw=3.6e-007
.step run=2 blpw=3.6e-007
.step run=3 blpw=3.6e-007
.step run=4 blpw=3.6e-007
.step run=5 blpw=3.6e-007
.step run=6 blpw=3.6e-007
.step run=7 blpw=3.6e-007
.step run=8 blpw=3.6e-007
.step run=9 blpw=3.6e-007
.step run=10 blpw=3.6e-007
.step run=11 blpw=3.6e-007
.step run=12 blpw=3.6e-007
.step run=13 blpw=3.6e-007
.step run=14 blpw=3.6e-007
.step run=15 blpw=3.6e-007
.step run=16 blpw=3.6e-007
.step run=0 blpw=4.5e-007
.step run=1 blpw=4.5e-007
.step run=2 blpw=4.5e-007
.step run=3 blpw=4.5e-007
.step run=4 blpw=4.5e-007
.step run=5 blpw=4.5e-007
.step run=6 blpw=4.5e-007
.step run=7 blpw=4.5e-007
.step run=8 blpw=4.5e-007
.step run=9 blpw=4.5e-007
.step run=10 blpw=4.5e-007
.step run=11 blpw=4.5e-007
.step run=12 blpw=4.5e-007
.step run=13 blpw=4.5e-007
.step run=14 blpw=4.5e-007
.step run=15 blpw=4.5e-007
.step run=16 blpw=4.5e-007

Date: Sun May 06 03:00:16 2018
Total elapsed time: 3.860 seconds.

tnom = 27
temp = 27
method = modified trap
totiter = 2996
traniter = 2996
tranpoints = 1152
accept = 1148
rejected = 4
matrix size = 30
fillins = 4
solver = Normal
Matrix Compiler1: 1.63 KB object code size  0.4/0.2/[0.1]
Matrix Compiler2: 2.56 KB object code size  0.3/0.3/[0.2]

